2023-08-04 15:30:31,719 - INFO
{
    "Account": "rUwooZeamvJ51n73aUHC1JVXSbPfmUE7NH",
    "Amount": "100",
    "Destination": "rDmnbXh7eqcoLUMW63WGmD7LEmxdDwRJ82",
    "Fee": "10",
    "Flags": 0,
    "LastLedgerSequence": 40053739,
    "PublicKey": "ED245F518D7ADDDCC4B0DD160585FD69074C06DEDE2B3CAD7975096C2E89194377",
    "Sequence": 40053715,
    "SettleDelay": 86400,
    "SigningPubKey": "ED245F518D7ADDDCC4B0DD160585FD69074C06DEDE2B3CAD7975096C2E89194377",
    "TransactionType": "PaymentChannelCreate",
    "TxnSignature": "F4FAA181F78E7C3312846B00B8FAAD3AEA76284D7AE384D4B5A9EE952B7E73DB592ED6748653D079EEE8698EA6905A6F5DA3B3A654F36ABBAB8C0DDE6B337708",
    "date": 744445830,
    "hash": "02FB21ACE7D678A59189316B26335FADFA44EF92D82FE489557AF118453586FF",
    "inLedger": 40053721,
    "ledger_index": 40053721,
    "meta": {
        "AffectedNodes": [
            {
                "CreatedNode": {
                    "LedgerEntryType": "DirectoryNode",
                    "LedgerIndex": "1925CEB1FAE88B63B6AC94E50B051DFF4FDCB9D61C16435AAA818774DBFC982E",
                    "NewFields": {
                        "Owner": "rUwooZeamvJ51n73aUHC1JVXSbPfmUE7NH",
                        "RootIndex": "1925CEB1FAE88B63B6AC94E50B051DFF4FDCB9D61C16435AAA818774DBFC982E"
                    }
                }
            },
            {
                "ModifiedNode": {
                    "FinalFields": {
                        "Account": "rUwooZeamvJ51n73aUHC1JVXSbPfmUE7NH",
                        "Balance": "9999999890",
                        "Flags": 0,
                        "OwnerCount": 1,
                        "Sequence": 40053716
                    },
                    "LedgerEntryType": "AccountRoot",
                    "LedgerIndex": "4BC3C99393D8DB019B5D6964EEA0DBB95F6F27878BC30D5ABB5C6106ED1915F7",
                    "PreviousFields": {
                        "Balance": "10000000000",
                        "OwnerCount": 0,
                        "Sequence": 40053715
                    },
                    "PreviousTxnID": "BF183173504D5C9F0A724EAE1A0533329B5ADE55FECBB98210D0D83C40CDFC24",
                    "PreviousTxnLgrSeq": 40053715
                }
            },
            {
                "ModifiedNode": {
                    "LedgerEntryType": "AccountRoot",
                    "LedgerIndex": "9DA16975438CC31D64EDDF8D7F07B85B53270EAA299F44763B328C89F8F26E86",
                    "PreviousTxnID": "1EC20213592AAB991F1ED32310119104B348D3CA8C738ADA852A7297A7A39D5A",
                    "PreviousTxnLgrSeq": 40053718
                }
            },
            {
                "CreatedNode": {
                    "LedgerEntryType": "DirectoryNode",
                    "LedgerIndex": "BED124AFAE0E5D49436A3551436F4E420380556DA336D53DAA38172D736A7B67",
                    "NewFields": {
                        "Owner": "rDmnbXh7eqcoLUMW63WGmD7LEmxdDwRJ82",
                        "RootIndex": "BED124AFAE0E5D49436A3551436F4E420380556DA336D53DAA38172D736A7B67"
                    }
                }
            },
            {
                "CreatedNode": {
                    "LedgerEntryType": "PayChannel",
                    "LedgerIndex": "C8B06DC7EF13A5D006D33464EC561E2D51183472E8386F1509E8E32CD50872A8",
                    "NewFields": {
                        "Account": "rUwooZeamvJ51n73aUHC1JVXSbPfmUE7NH",
                        "Amount": "100",
                        "Destination": "rDmnbXh7eqcoLUMW63WGmD7LEmxdDwRJ82",
                        "PublicKey": "ED245F518D7ADDDCC4B0DD160585FD69074C06DEDE2B3CAD7975096C2E89194377",
                        "SettleDelay": 86400
                    }
                }
            }
        ],
        "TransactionIndex": 9,
        "TransactionResult": "tesSUCCESS"
    },
    "validated": true
}
2023-08-04 15:30:32,411 - INFO
{
    "account": "rUwooZeamvJ51n73aUHC1JVXSbPfmUE7NH",
    "channels": [
        {
            "account": "rUwooZeamvJ51n73aUHC1JVXSbPfmUE7NH",
            "amount": "100",
            "balance": "0",
            "channel_id": "C8B06DC7EF13A5D006D33464EC561E2D51183472E8386F1509E8E32CD50872A8",
            "destination_account": "rDmnbXh7eqcoLUMW63WGmD7LEmxdDwRJ82",
            "public_key": "aKEsTYMbMLHd9pk3QKVqCw42LipM4q3ZezykWcSnGq5DAzmVNiiH",
            "public_key_hex": "ED245F518D7ADDDCC4B0DD160585FD69074C06DEDE2B3CAD7975096C2E89194377",
            "settle_delay": 86400
        }
    ],
    "ledger_current_index": 40053722,
    "validated": false
}
2023-08-04 15:30:33,034 - INFO
{
    "account": "rDmnbXh7eqcoLUMW63WGmD7LEmxdDwRJ82",
    "channels": [],
    "ledger_current_index": 40053722,
    "validated": false
}
2023-08-04 15:30:33,711 - INFO
{
    "signature": "4908F9923BDB1ECB676682868CA10783B75C94CA5193963957A9AAF5EA94E594D8209FE75CA65AD0AE648BAFF49C19111D0FFFFFDD07969B295C5B677672380A"
}
2023-08-04 17:32:00,005 - INFO
{
    "Account": "r3wa3FWcfrdFpp2wguF51KxjuSHwGgTJTD",
    "Amount": "500",
    "Destination": "rK7umVTLhFphwNNnExA4DkqKTaeP5Vrjhq",
    "Fee": "10",
    "Flags": 0,
    "LastLedgerSequence": 40055887,
    "PublicKey": "ED12A8236C1ADD1617E908696394421B49DD9C9B26B721CCFB344F8B6B0387CA0F",
    "Sequence": 40055863,
    "SettleDelay": 86400,
    "SigningPubKey": "ED12A8236C1ADD1617E908696394421B49DD9C9B26B721CCFB344F8B6B0387CA0F",
    "TransactionType": "PaymentChannelCreate",
    "TxnSignature": "5686F2813140CBA1AA279187316FD67C40E063000634B430151294E7E9F0E55BBCFD01968BF5E2548C6AFA1ED6CE26A83C82F19238D4E4384FE78E2966E55D09",
    "date": 744453120,
    "hash": "C820D37A2709B52E20A8D8BD57FDD2B4A99B901788E5972D320374C536E152B8",
    "inLedger": 40055869,
    "ledger_index": 40055869,
    "meta": {
        "AffectedNodes": [
            {
                "ModifiedNode": {
                    "LedgerEntryType": "AccountRoot",
                    "LedgerIndex": "130D36EC633946850D01CC8C347C34BC8DCEF9EE14C7AB9CC8555B2BD167D0B7",
                    "PreviousTxnID": "0DE9CF807425EA91963ACF88347DE6FAF1ACB9DDE0FF094ED791E9362D97FD50",
                    "PreviousTxnLgrSeq": 40055866
                }
            },
            {
                "CreatedNode": {
                    "LedgerEntryType": "DirectoryNode",
                    "LedgerIndex": "282E8648AD475672622C6826BE2BA67CC26702CF6BBADACA98157616A6D2A958",
                    "NewFields": {
                        "Owner": "rK7umVTLhFphwNNnExA4DkqKTaeP5Vrjhq",
                        "RootIndex": "282E8648AD475672622C6826BE2BA67CC26702CF6BBADACA98157616A6D2A958"
                    }
                }
            },
            {
                "ModifiedNode": {
                    "FinalFields": {
                        "Account": "r3wa3FWcfrdFpp2wguF51KxjuSHwGgTJTD",
                        "Balance": "9999999490",
                        "Flags": 0,
                        "OwnerCount": 1,
                        "Sequence": 40055864
                    },
                    "LedgerEntryType": "AccountRoot",
                    "LedgerIndex": "3B1FE0A1D1A73DFDC490A0E196F3AFA907A94B582273AEB3B9DC07A0BC8B901A",
                    "PreviousFields": {
                        "Balance": "10000000000",
                        "OwnerCount": 0,
                        "Sequence": 40055863
                    },
                    "PreviousTxnID": "5337F1318C0FB7AF69C1042E008183CF59B988A7018492AB5A517E2F85CD5731",
                    "PreviousTxnLgrSeq": 40055863
                }
            },
            {
                "CreatedNode": {
                    "LedgerEntryType": "PayChannel",
                    "LedgerIndex": "58BAEFAC45E7AAA44358A128A428C61AF22DB3182642461CB1013074E3C61E9B",
                    "NewFields": {
                        "Account": "r3wa3FWcfrdFpp2wguF51KxjuSHwGgTJTD",
                        "Amount": "500",
                        "Destination": "rK7umVTLhFphwNNnExA4DkqKTaeP5Vrjhq",
                        "PublicKey": "ED12A8236C1ADD1617E908696394421B49DD9C9B26B721CCFB344F8B6B0387CA0F",
                        "SettleDelay": 86400
                    }
                }
            },
            {
                "CreatedNode": {
                    "LedgerEntryType": "DirectoryNode",
                    "LedgerIndex": "82FC960EB6A18F7797BEF16A2D9D4DAA4894501FA8A482A2CB14747A9E117732",
                    "NewFields": {
                        "Owner": "r3wa3FWcfrdFpp2wguF51KxjuSHwGgTJTD",
                        "RootIndex": "82FC960EB6A18F7797BEF16A2D9D4DAA4894501FA8A482A2CB14747A9E117732"
                    }
                }
            }
        ],
        "TransactionIndex": 18,
        "TransactionResult": "tesSUCCESS"
    },
    "validated": true
}

2023-08-04 17:32:00,687 - INFO
{
    "account": "r3wa3FWcfrdFpp2wguF51KxjuSHwGgTJTD",
    "channels": [
        {
            "account": "r3wa3FWcfrdFpp2wguF51KxjuSHwGgTJTD",
            "amount": "500",
            "balance": "0",
            "channel_id": "58BAEFAC45E7AAA44358A128A428C61AF22DB3182642461CB1013074E3C61E9B",
            "destination_account": "rK7umVTLhFphwNNnExA4DkqKTaeP5Vrjhq",
            "public_key": "aKNuCpU6rPoeqvtV66n75s8QjJLCRfnzCv5s2LEM7qdzxCngPZZ1",
            "public_key_hex": "ED12A8236C1ADD1617E908696394421B49DD9C9B26B721CCFB344F8B6B0387CA0F",
            "settle_delay": 86400
        }
    ],
    "ledger_current_index": 40055870,
    "validated": false
}

2023-08-04 17:32:01,338 - INFO
{
    "account": "rK7umVTLhFphwNNnExA4DkqKTaeP5Vrjhq",
    "channels": [],
    "ledger_current_index": 40055870,
    "validated": false
}

